<?xml version="1.0" encoding="UTF-8"?>
<testng-results ignored="0" total="1" passed="1" failed="0" skipped="0">
  <reporter-output>
  </reporter-output>
  <suite started-at="2021-11-09T12:43:49 IST" name="Default suite" finished-at="2021-11-09T12:44:20 IST" duration-ms="31073">
    <groups>
    </groups>
    <test started-at="2021-11-09T12:43:49 IST" name="Default test" finished-at="2021-11-09T12:44:20 IST" duration-ms="31073">
      <class name="com.tide.pageobject.ShoProductPage">
        <test-method is-config="true" signature="initialize()[pri:0, instance:com.tide.pageobject.ShoProductPage@cecf639]" started-at="2021-11-09T12:43:49 IST" name="initialize" finished-at="2021-11-09T12:44:08 IST" duration-ms="18998" status="PASS">
          <reporter-output>
          </reporter-output>
        </test-method> <!-- initialize -->
        <test-method signature="navigateToShop()[pri:0, instance:com.tide.pageobject.ShoProductPage@cecf639]" started-at="2021-11-09T12:44:08 IST" name="navigateToShop" finished-at="2021-11-09T12:44:20 IST" duration-ms="11979" status="PASS">
          <reporter-output>
          </reporter-output>
        </test-method> <!-- navigateToShop -->
      </class> <!-- com.tide.pageobject.ShoProductPage -->
    </test> <!-- Default test -->
  </suite> <!-- Default suite -->
</testng-results>
