<?xml version="1.0" encoding="UTF-8"?>
<testng-results total="1" passed="1" failed="0" skipped="0">
  <reporter-output>
  </reporter-output>
  <suite started-at="2021-11-09T07:38:37Z" name="Suite" finished-at="2021-11-09T07:40:00Z" duration-ms="82606">
    <groups>
    </groups>
    <test started-at="2021-11-09T07:38:37Z" name="Test" finished-at="2021-11-09T07:40:00Z" duration-ms="82606">
      <class name="com.tide.pageobject.ShoProductPage">
        <test-method is-config="true" signature="initialize()[pri:0, instance:com.tide.pageobject.ShoProductPage@5bf0fe62]" started-at="2021-11-09T13:08:37Z" name="initialize" finished-at="2021-11-09T13:09:51Z" duration-ms="73827" status="PASS">
          <reporter-output>
          </reporter-output>
        </test-method> <!-- initialize -->
        <test-method signature="navigateToShop()[pri:0, instance:com.tide.pageobject.ShoProductPage@5bf0fe62]" started-at="2021-11-09T13:09:51Z" name="navigateToShop" finished-at="2021-11-09T13:09:58Z" duration-ms="6848" status="PASS">
          <reporter-output>
          </reporter-output>
        </test-method> <!-- navigateToShop -->
        <test-method is-config="true" signature="close()[pri:0, instance:com.tide.pageobject.ShoProductPage@5bf0fe62]" started-at="2021-11-09T13:09:58Z" name="close" finished-at="2021-11-09T13:10:00Z" duration-ms="1901" status="PASS">
          <reporter-output>
          </reporter-output>
        </test-method> <!-- close -->
      </class> <!-- com.tide.pageobject.ShoProductPage -->
    </test> <!-- Test -->
  </suite> <!-- Suite -->
</testng-results>
