<?xml version="1.0" encoding="UTF-8"?>
<testsuite xmlns:xsi="http://www.w3.org/2001/XMLSchema-instance" xsi:noNamespaceSchemaLocation="https://maven.apache.org/surefire/maven-surefire-plugin/xsd/surefire-test-report-3.0.xsd" version="3.0" name="TestSuite" time="87.01" tests="1" errors="0" skipped="0" failures="0">
  <properties>
[...]
</properties>
  <testcase name="navigateToShop" classname="com.tide.pageobject.ShoProductPage" time="6.839">
    <system-out><![CDATA[11-09-2021 13:08:44 ShoProductPage.java INFO  [main] reusablecomponents.base 21 - Driver is initialised
11-09-2021 13:09:51 ShoProductPage.java INFO  [main] reusablecomponents.base 24 - navigation to url
Tide Free and Gentle powder was not present
]]></system-out>
    <system-err><![CDATA[log4j:WARN No such property [maxBackupIndex] in com.tide.utilities.Log.
log4j:WARN No such property [maxFileSize] in com.tide.utilities.Log.
Starting ChromeDriver 94.0.4606.41 (333e85df3c9b656b518b5f1add5ff246365b6c24-refs/branch-heads/4606@{#845}) on port 40578
Only local connections are allowed.
Please see https://chromedriver.chromium.org/security-considerations for suggestions on keeping ChromeDriver safe.
ChromeDriver was started successfully.
[1636443522.589][WARNING]: This version of ChromeDriver has not been tested with Chrome version 95.
Nov 09, 2021 1:08:44 PM org.openqa.selenium.remote.ProtocolHandshake createSession
INFO: Detected dialect: W3C
]]></system-err>
  </testcase>
</testsuite>